# time uid fid rate_pps threshold_pps action
0.510800 0 1 0.000 50.000 PASS
0.670800 1 1 6.250 50.000 PASS
0.830800 2 1 6.250 50.000 PASS
0.990800 3 1 6.250 50.000 PASS
1.150800 4 1 6.250 50.000 PASS
1.310800 5 1 6.250 50.000 PASS
1.470800 6 1 6.250 50.000 PASS
1.630800 7 1 0.000 2.500 PASS
1.790800 8 1 6.250 2.500 DROP
1.950800 9 1 6.250 2.500 DROP
2.110800 10 1 6.250 2.500 DROP
2.270800 11 1 6.250 2.500 DROP
2.430800 12 1 6.250 2.500 DROP
2.590800 13 1 6.250 2.500 DROP
2.750800 14 1 0.000 4.500 PASS
2.910800 15 1 6.250 4.500 DROP
3.070800 16 1 6.250 4.500 DROP
3.230800 17 1 6.250 4.500 DROP
3.390800 18 1 6.250 4.500 DROP
3.550800 19 1 6.250 4.500 DROP
3.710800 20 1 6.250 4.500 DROP
3.870800 21 1 0.000 6.100 PASS
4.030800 22 1 6.250 6.100 DROP
4.190800 23 1 6.250 6.100 DROP
4.350800 24 1 6.250 6.100 DROP
4.510800 25 1 6.250 6.100 DROP
4.670800 26 1 6.250 6.100 DROP
4.830800 27 1 6.250 6.100 DROP
4.990800 28 1 0.000 7.380 PASS
5.150800 29 1 6.250 7.380 PASS
5.310800 30 1 6.250 7.380 PASS
5.470800 31 1 6.250 7.380 PASS
5.630800 32 1 6.250 7.380 PASS
5.790800 33 1 6.250 7.380 PASS
5.950800 34 1 6.250 7.380 PASS
6.110800 35 1 0.000 8.404 PASS
6.270800 36 1 6.250 8.404 PASS
6.430800 37 1 6.250 8.404 PASS
6.590800 38 1 6.250 8.404 PASS
6.750800 39 1 6.250 8.404 PASS
6.910800 40 1 6.250 8.404 PASS
7.070800 41 1 6.250 8.404 PASS
7.230800 42 1 0.000 9.223 PASS
7.390800 43 1 6.250 9.223 PASS
7.550800 44 1 6.250 9.223 PASS
7.710800 45 1 6.250 9.223 PASS
7.870800 46 1 6.250 9.223 PASS
8.030800 47 1 6.250 9.223 PASS
8.190800 48 1 6.250 9.223 PASS
8.350800 49 1 0.000 9.879 PASS
8.510800 50 1 6.250 9.879 PASS
8.670800 51 1 6.250 9.879 PASS
8.830800 52 1 6.250 9.879 PASS
8.990800 53 1 6.250 9.879 PASS
9.150800 54 1 6.250 9.879 PASS
9.310800 55 1 6.250 9.879 PASS
9.470800 56 1 0.000 10.403 PASS
9.630800 57 1 6.250 10.403 PASS
9.790800 58 1 6.250 10.403 PASS
9.950800 59 1 6.250 10.403 PASS
10.110800 60 1 6.250 10.403 PASS
10.270800 61 1 6.250 10.403 PASS
10.430800 62 1 6.250 10.403 PASS
10.590800 63 1 0.000 10.822 PASS
10.750800 64 1 6.250 10.822 PASS
10.910800 65 1 6.250 10.822 PASS
11.070800 66 1 6.250 10.822 PASS
11.230800 67 1 6.250 10.822 PASS
11.390800 68 1 6.250 10.822 PASS
11.550800 69 1 6.250 10.822 PASS
11.710800 70 1 0.000 11.158 PASS
11.870800 71 1 6.250 11.158 PASS
12.030800 72 1 6.250 11.158 PASS
12.190800 73 1 6.250 11.158 PASS
12.350800 74 1 6.250 11.158 PASS
12.510800 75 1 6.250 11.158 PASS
12.670800 76 1 6.250 11.158 PASS
12.830800 77 1 0.000 11.426 PASS
12.990800 78 1 6.250 11.426 PASS
13.150800 79 1 6.250 11.426 PASS
13.310800 80 1 6.250 11.426 PASS
13.470800 81 1 6.250 11.426 PASS
13.630800 82 1 6.250 11.426 PASS
13.790800 83 1 6.250 11.426 PASS
13.950800 84 1 0.000 11.641 PASS
14.110800 85 1 6.250 11.641 PASS
14.270800 86 1 6.250 11.641 PASS
14.430800 87 1 6.250 11.641 PASS
14.590800 88 1 6.250 11.641 PASS
14.750800 89 1 6.250 11.641 PASS
14.910800 90 1 6.250 11.641 PASS
15.070800 91 1 0.000 11.813 PASS
15.230800 92 1 6.250 11.813 PASS
15.390800 93 1 6.250 11.813 PASS
15.550800 94 1 6.250 11.813 PASS
15.710800 95 1 6.250 11.813 PASS
15.870800 96 1 6.250 11.813 PASS
16.030800 97 1 6.250 11.813 PASS
16.190800 98 1 0.000 11.950 PASS
16.350800 99 1 6.250 11.950 PASS
16.510800 100 1 6.250 11.950 PASS
16.670800 101 1 6.250 11.950 PASS
16.830800 102 1 6.250 11.950 PASS
16.990800 103 1 6.250 11.950 PASS
17.150800 104 1 6.250 11.950 PASS
17.310800 105 1 0.000 12.060 PASS
17.470800 106 1 6.250 12.060 PASS
17.630800 107 1 6.250 12.060 PASS
17.790800 108 1 6.250 12.060 PASS
17.950800 109 1 6.250 12.060 PASS
18.110800 110 1 6.250 12.060 PASS
18.270800 111 1 6.250 12.060 PASS
18.430800 112 1 0.000 12.148 PASS
18.590800 113 1 6.250 12.148 PASS
18.750800 114 1 6.250 12.148 PASS
18.910800 115 1 6.250 12.148 PASS
19.070800 116 1 6.250 12.148 PASS
19.230800 117 1 6.250 12.148 PASS
19.390800 118 1 6.250 12.148 PASS
19.550800 119 1 0.000 12.219 PASS
19.710800 120 1 6.250 12.219 PASS
19.870800 121 1 6.250 12.219 PASS
20.030800 122 1 6.250 12.219 PASS
20.190800 123 1 6.250 12.219 PASS
20.350800 124 1 6.250 12.219 PASS
20.510800 125 1 6.250 12.219 PASS
20.670800 126 1 0.000 12.275 PASS
20.830800 127 1 6.250 12.275 PASS
20.990800 128 1 6.250 12.275 PASS
21.150800 129 1 6.250 12.275 PASS
21.310800 130 1 6.250 12.275 PASS
21.470800 131 1 6.250 12.275 PASS
21.630800 132 1 6.250 12.275 PASS
21.790800 133 1 0.000 12.320 PASS
21.950800 134 1 6.250 12.320 PASS
22.110800 135 1 6.250 12.320 PASS
22.270800 136 1 6.250 12.320 PASS
22.430800 137 1 6.250 12.320 PASS
22.590800 138 1 6.250 12.320 PASS
22.750800 139 1 6.250 12.320 PASS
22.910800 140 1 0.000 12.356 PASS
23.070800 141 1 6.250 12.356 PASS
23.230800 142 1 6.250 12.356 PASS
23.390800 143 1 6.250 12.356 PASS
23.550800 144 1 6.250 12.356 PASS
23.710800 145 1 6.250 12.356 PASS
23.870800 146 1 6.250 12.356 PASS
24.030800 147 1 0.000 12.385 PASS
24.190800 148 1 6.250 12.385 PASS
24.350800 149 1 6.250 12.385 PASS
24.510800 150 1 6.250 12.385 PASS
24.670800 151 1 6.250 12.385 PASS
24.830800 152 1 6.250 12.385 PASS
24.990800 153 1 6.250 12.385 PASS
25.150800 154 1 0.000 12.408 PASS
25.310800 155 1 6.250 12.408 PASS
25.470800 156 1 6.250 12.408 PASS
25.630800 157 1 6.250 12.408 PASS
25.790800 158 1 6.250 12.408 PASS
25.950800 159 1 6.250 12.408 PASS
26.110800 160 1 6.250 12.408 PASS
26.270800 161 1 0.000 12.426 PASS
26.430800 162 1 6.250 12.426 PASS
26.590800 163 1 6.250 12.426 PASS
26.750800 164 1 6.250 12.426 PASS
26.910800 165 1 6.250 12.426 PASS
27.070800 166 1 6.250 12.426 PASS
27.230800 167 1 6.250 12.426 PASS
27.390800 168 1 0.000 12.441 PASS
27.550800 169 1 6.250 12.441 PASS
27.710800 170 1 6.250 12.441 PASS
27.870800 171 1 6.250 12.441 PASS
28.030800 172 1 6.250 12.441 PASS
28.190800 173 1 6.250 12.441 PASS
28.350800 174 1 6.250 12.441 PASS
28.510800 175 1 0.000 12.453 PASS
28.670800 176 1 6.250 12.453 PASS
28.830800 177 1 6.250 12.453 PASS
28.990800 178 1 6.250 12.453 PASS
29.150800 179 1 6.250 12.453 PASS
29.310800 180 1 6.250 12.453 PASS
29.470800 181 1 6.250 12.453 PASS
29.630800 182 1 0.000 12.462 PASS
29.790800 183 1 6.250 12.462 PASS
29.950800 184 1 6.250 12.462 PASS
30.110800 185 1 6.250 12.462 PASS
30.270800 186 1 6.250 12.462 PASS
30.430800 187 1 6.250 12.462 PASS
30.590800 188 1 6.250 12.462 PASS
30.750800 189 1 0.000 12.470 PASS
30.910800 190 1 6.250 12.470 PASS
31.070800 191 1 6.250 12.470 PASS
31.230800 192 1 6.250 12.470 PASS
31.390800 193 1 6.250 12.470 PASS
31.550800 194 1 6.250 12.470 PASS
31.710800 195 1 6.250 12.470 PASS
31.870800 196 1 0.000 12.476 PASS
32.030800 197 1 6.250 12.476 PASS
32.190800 198 1 6.250 12.476 PASS
32.350800 199 1 6.250 12.476 PASS
32.510800 200 1 6.250 12.476 PASS
32.670800 201 1 6.250 12.476 PASS
32.830800 202 1 6.250 12.476 PASS
32.990800 203 1 0.000 12.481 PASS
33.150800 204 1 6.250 12.481 PASS
33.310800 205 1 6.250 12.481 PASS
33.470800 206 1 6.250 12.481 PASS
33.630800 207 1 6.250 12.481 PASS
33.790800 208 1 6.250 12.481 PASS
33.950800 209 1 6.250 12.481 PASS
34.110800 210 1 0.000 12.485 PASS
34.270800 211 1 6.250 12.485 PASS
34.430800 212 1 6.250 12.485 PASS
34.590800 213 1 6.250 12.485 PASS
34.750800 214 1 6.250 12.485 PASS
34.910800 215 1 6.250 12.485 PASS
35.070800 216 1 6.250 12.485 PASS
35.230800 217 1 0.000 12.488 PASS
35.390800 218 1 6.250 12.488 PASS
35.550800 219 1 6.250 12.488 PASS
35.710800 220 1 6.250 12.488 PASS
35.870800 221 1 6.250 12.488 PASS
36.030800 222 1 6.250 12.488 PASS
36.190800 223 1 6.250 12.488 PASS
36.350800 224 1 0.000 12.490 PASS
36.510800 225 1 6.250 12.490 PASS
36.670800 226 1 6.250 12.490 PASS
36.830800 227 1 6.250 12.490 PASS
36.990800 228 1 6.250 12.490 PASS
37.150800 229 1 6.250 12.490 PASS
37.310800 230 1 6.250 12.490 PASS
37.470800 231 1 0.000 12.492 PASS
37.630800 232 1 6.250 12.492 PASS
37.790800 233 1 6.250 12.492 PASS
37.950800 234 1 6.250 12.492 PASS
38.110800 235 1 6.250 12.492 PASS
38.270800 236 1 6.250 12.492 PASS
38.430800 237 1 6.250 12.492 PASS
38.590800 238 1 0.000 12.494 PASS
38.750800 239 1 6.250 12.494 PASS
38.910800 240 1 6.250 12.494 PASS
39.070800 241 1 6.250 12.494 PASS
39.230800 242 1 6.250 12.494 PASS
39.390800 243 1 6.250 12.494 PASS
39.550800 244 1 6.250 12.494 PASS
39.710800 245 1 0.000 12.495 PASS
39.870800 246 1 6.250 12.495 PASS
40.030800 247 1 6.250 12.495 PASS
40.190800 248 1 6.250 12.495 PASS
40.350800 249 1 6.250 12.495 PASS
40.510800 250 1 6.250 12.495 PASS
40.670800 251 1 6.250 12.495 PASS
40.830800 252 1 0.000 12.496 PASS
40.990800 253 1 6.250 12.496 PASS
41.150800 254 1 6.250 12.496 PASS
41.310800 255 1 6.250 12.496 PASS
41.470800 256 1 6.250 12.496 PASS
41.630800 257 1 6.250 12.496 PASS
41.790800 258 1 6.250 12.496 PASS
41.950800 259 1 0.000 12.497 PASS
42.110800 260 1 6.250 12.497 PASS
42.270800 261 1 6.250 12.497 PASS
42.430800 262 1 6.250 12.497 PASS
42.590800 263 1 6.250 12.497 PASS
42.750800 264 1 6.250 12.497 PASS
42.910800 265 1 6.250 12.497 PASS
43.070800 266 1 0.000 12.497 PASS
43.230800 267 1 6.250 12.497 PASS
43.390800 268 1 6.250 12.497 PASS
43.550800 269 1 6.250 12.497 PASS
43.710800 270 1 6.250 12.497 PASS
43.870800 271 1 6.250 12.497 PASS
44.030800 272 1 6.250 12.497 PASS
44.190800 273 1 0.000 12.498 PASS
44.350800 274 1 6.250 12.498 PASS
44.510800 275 1 6.250 12.498 PASS
44.670800 276 1 6.250 12.498 PASS
44.830800 277 1 6.250 12.498 PASS
44.990800 278 1 6.250 12.498 PASS
45.150800 279 1 6.250 12.498 PASS
45.310800 280 1 0.000 12.498 PASS
45.470800 281 1 6.250 12.498 PASS
45.630800 282 1 6.250 12.498 PASS
45.790800 283 1 6.250 12.498 PASS
45.950800 284 1 6.250 12.498 PASS
46.110800 285 1 6.250 12.498 PASS
46.270800 286 1 6.250 12.498 PASS
46.430800 287 1 0.000 12.499 PASS
46.590800 288 1 6.250 12.499 PASS
46.750800 289 1 6.250 12.499 PASS
46.910800 290 1 6.250 12.499 PASS
47.070800 291 1 6.250 12.499 PASS
47.230800 292 1 6.250 12.499 PASS
47.390800 293 1 6.250 12.499 PASS
47.550800 294 1 0.000 12.499 PASS
47.710800 295 1 6.250 12.499 PASS
47.870800 296 1 6.250 12.499 PASS
48.030800 297 1 6.250 12.499 PASS
48.190800 298 1 6.250 12.499 PASS
48.350800 299 1 6.250 12.499 PASS
48.510800 300 1 6.250 12.499 PASS
48.670800 301 1 0.000 12.499 PASS
48.830800 302 1 6.250 12.499 PASS
48.990800 303 1 6.250 12.499 PASS
49.150800 304 1 6.250 12.499 PASS
49.310800 305 1 6.250 12.499 PASS
49.470800 306 1 6.250 12.499 PASS
49.630800 307 1 6.250 12.499 PASS
49.790800 308 1 0.000 12.499 PASS
49.950800 309 1 6.250 12.499 PASS
50.110800 310 1 6.250 12.499 PASS
50.270800 311 1 6.250 12.499 PASS
50.430800 312 1 6.250 12.499 PASS
50.590800 313 1 6.250 12.499 PASS
50.750800 314 1 6.250 12.499 PASS
50.910800 315 1 0.000 12.499 PASS
51.070800 316 1 6.250 12.499 PASS
51.230800 317 1 6.250 12.499 PASS
51.390800 318 1 6.250 12.499 PASS
51.550800 319 1 6.250 12.499 PASS
51.710800 320 1 6.250 12.499 PASS
51.870800 321 1 6.250 12.499 PASS
52.030800 322 1 0.000 12.500 PASS
52.190800 323 1 6.250 12.500 PASS
52.350800 324 1 6.250 12.500 PASS
52.510800 325 1 6.250 12.500 PASS
52.670800 326 1 6.250 12.500 PASS
52.830800 327 1 6.250 12.500 PASS
52.990800 328 1 6.250 12.500 PASS
53.150800 329 1 0.000 12.500 PASS
53.310800 330 1 6.250 12.500 PASS
53.470800 331 1 6.250 12.500 PASS
53.630800 332 1 6.250 12.500 PASS
53.790800 333 1 6.250 12.500 PASS
53.950800 334 1 6.250 12.500 PASS
54.110800 335 1 6.250 12.500 PASS
54.270800 336 1 0.000 12.500 PASS
54.430800 337 1 6.250 12.500 PASS
54.590800 338 1 6.250 12.500 PASS
54.750800 339 1 6.250 12.500 PASS
54.910800 340 1 6.250 12.500 PASS
55.070800 341 1 6.250 12.500 PASS
55.230800 342 1 6.250 12.500 PASS
55.390800 343 1 0.000 12.500 PASS
55.550800 344 1 6.250 12.500 PASS
55.710800 345 1 6.250 12.500 PASS
55.870800 346 1 6.250 12.500 PASS
56.030800 347 1 6.250 12.500 PASS
56.190800 348 1 6.250 12.500 PASS
56.350800 349 1 6.250 12.500 PASS
56.510800 350 1 0.000 12.500 PASS
56.670800 351 1 6.250 12.500 PASS
56.830800 352 1 6.250 12.500 PASS
56.990800 353 1 6.250 12.500 PASS
57.150800 354 1 6.250 12.500 PASS
57.310800 355 1 6.250 12.500 PASS
57.470800 356 1 6.250 12.500 PASS
57.630800 357 1 0.000 12.500 PASS
57.790800 358 1 6.250 12.500 PASS
57.950800 359 1 6.250 12.500 PASS
58.110800 360 1 6.250 12.500 PASS
58.270800 361 1 6.250 12.500 PASS
58.430800 362 1 6.250 12.500 PASS
58.590800 363 1 6.250 12.500 PASS
58.750800 364 1 0.000 12.500 PASS
58.910800 365 1 6.250 12.500 PASS
59.070800 366 1 6.250 12.500 PASS
59.230800 367 1 6.250 12.500 PASS
59.390800 368 1 6.250 12.500 PASS
59.550800 369 1 6.250 12.500 PASS
59.710800 370 1 6.250 12.500 PASS
59.870800 371 1 0.000 12.500 PASS
